ARM GAS  /tmp/cc3Z6DTi.s 			page 1


   1              		.cpu cortex-m4
   2              		.eabi_attribute 27, 1
   3              		.eabi_attribute 28, 1
   4              		.eabi_attribute 20, 1
   5              		.eabi_attribute 21, 1
   6              		.eabi_attribute 23, 3
   7              		.eabi_attribute 24, 1
   8              		.eabi_attribute 25, 1
   9              		.eabi_attribute 26, 1
  10              		.eabi_attribute 30, 1
  11              		.eabi_attribute 34, 1
  12              		.eabi_attribute 18, 4
  13              		.file	"stm32f4xx_it.c"
  14              		.text
  15              	.Ltext0:
  16              		.cfi_sections	.debug_frame
  17              		.section	.text.NMI_Handler,"ax",%progbits
  18              		.align	1
  19              		.global	NMI_Handler
  20              		.arch armv7e-m
  21              		.syntax unified
  22              		.thumb
  23              		.thumb_func
  24              		.fpu fpv4-sp-d16
  26              	NMI_Handler:
  27              	.LFB130:
  28              		.file 1 "Src/stm32f4xx_it.c"
   1:Src/stm32f4xx_it.c **** /* USER CODE BEGIN Header */
   2:Src/stm32f4xx_it.c **** /**
   3:Src/stm32f4xx_it.c ****   ******************************************************************************
   4:Src/stm32f4xx_it.c ****   * @file    stm32f4xx_it.c
   5:Src/stm32f4xx_it.c ****   * @brief   Interrupt Service Routines.
   6:Src/stm32f4xx_it.c ****   ******************************************************************************
   7:Src/stm32f4xx_it.c ****   * @attention
   8:Src/stm32f4xx_it.c ****   *
   9:Src/stm32f4xx_it.c ****   * <h2><center>&copy; Copyright (c) 2021 STMicroelectronics.
  10:Src/stm32f4xx_it.c ****   * All rights reserved.</center></h2>
  11:Src/stm32f4xx_it.c ****   *
  12:Src/stm32f4xx_it.c ****   * This software component is licensed by ST under Ultimate Liberty license
  13:Src/stm32f4xx_it.c ****   * SLA0044, the "License"; You may not use this file except in compliance with
  14:Src/stm32f4xx_it.c ****   * the License. You may obtain a copy of the License at:
  15:Src/stm32f4xx_it.c ****   *                             www.st.com/SLA0044
  16:Src/stm32f4xx_it.c ****   *
  17:Src/stm32f4xx_it.c ****   ******************************************************************************
  18:Src/stm32f4xx_it.c ****   */
  19:Src/stm32f4xx_it.c **** /* USER CODE END Header */
  20:Src/stm32f4xx_it.c **** 
  21:Src/stm32f4xx_it.c **** /* Includes ------------------------------------------------------------------*/
  22:Src/stm32f4xx_it.c **** #include "main.h"
  23:Src/stm32f4xx_it.c **** #include "stm32f4xx_it.h"
  24:Src/stm32f4xx_it.c **** /* Private includes ----------------------------------------------------------*/
  25:Src/stm32f4xx_it.c **** /* USER CODE BEGIN Includes */
  26:Src/stm32f4xx_it.c **** /* USER CODE END Includes */
  27:Src/stm32f4xx_it.c **** 
  28:Src/stm32f4xx_it.c **** /* Private typedef -----------------------------------------------------------*/
  29:Src/stm32f4xx_it.c **** /* USER CODE BEGIN TD */
  30:Src/stm32f4xx_it.c **** 
ARM GAS  /tmp/cc3Z6DTi.s 			page 2


  31:Src/stm32f4xx_it.c **** /* USER CODE END TD */
  32:Src/stm32f4xx_it.c **** 
  33:Src/stm32f4xx_it.c **** /* Private define ------------------------------------------------------------*/
  34:Src/stm32f4xx_it.c **** /* USER CODE BEGIN PD */
  35:Src/stm32f4xx_it.c **** 
  36:Src/stm32f4xx_it.c **** /* USER CODE END PD */
  37:Src/stm32f4xx_it.c **** 
  38:Src/stm32f4xx_it.c **** /* Private macro -------------------------------------------------------------*/
  39:Src/stm32f4xx_it.c **** /* USER CODE BEGIN PM */
  40:Src/stm32f4xx_it.c **** 
  41:Src/stm32f4xx_it.c **** /* USER CODE END PM */
  42:Src/stm32f4xx_it.c **** 
  43:Src/stm32f4xx_it.c **** /* Private variables ---------------------------------------------------------*/
  44:Src/stm32f4xx_it.c **** /* USER CODE BEGIN PV */
  45:Src/stm32f4xx_it.c **** 
  46:Src/stm32f4xx_it.c **** /* USER CODE END PV */
  47:Src/stm32f4xx_it.c **** 
  48:Src/stm32f4xx_it.c **** /* Private function prototypes -----------------------------------------------*/
  49:Src/stm32f4xx_it.c **** /* USER CODE BEGIN PFP */
  50:Src/stm32f4xx_it.c **** 
  51:Src/stm32f4xx_it.c **** /* USER CODE END PFP */
  52:Src/stm32f4xx_it.c **** 
  53:Src/stm32f4xx_it.c **** /* Private user code ---------------------------------------------------------*/
  54:Src/stm32f4xx_it.c **** /* USER CODE BEGIN 0 */
  55:Src/stm32f4xx_it.c **** 
  56:Src/stm32f4xx_it.c **** /* USER CODE END 0 */
  57:Src/stm32f4xx_it.c **** 
  58:Src/stm32f4xx_it.c **** /* External variables --------------------------------------------------------*/
  59:Src/stm32f4xx_it.c **** extern HCD_HandleTypeDef hhcd_USB_OTG_FS;
  60:Src/stm32f4xx_it.c **** extern TIM_HandleTypeDef htim1;
  61:Src/stm32f4xx_it.c **** extern TIM_HandleTypeDef htim8;
  62:Src/stm32f4xx_it.c **** /* USER CODE BEGIN EV */
  63:Src/stm32f4xx_it.c **** 
  64:Src/stm32f4xx_it.c **** /* USER CODE END EV */
  65:Src/stm32f4xx_it.c **** 
  66:Src/stm32f4xx_it.c **** /******************************************************************************/
  67:Src/stm32f4xx_it.c **** /*           Cortex-M4 Processor Interruption and Exception Handlers          */
  68:Src/stm32f4xx_it.c **** /******************************************************************************/
  69:Src/stm32f4xx_it.c **** /**
  70:Src/stm32f4xx_it.c ****   * @brief This function handles Non maskable interrupt.
  71:Src/stm32f4xx_it.c ****   */
  72:Src/stm32f4xx_it.c **** void NMI_Handler(void)
  73:Src/stm32f4xx_it.c **** {
  29              		.loc 1 73 1 view -0
  30              		.cfi_startproc
  31              		@ Volatile: function does not return.
  32              		@ args = 0, pretend = 0, frame = 0
  33              		@ frame_needed = 0, uses_anonymous_args = 0
  34              		@ link register save eliminated.
  35              	.L2:
  74:Src/stm32f4xx_it.c ****   /* USER CODE BEGIN NonMaskableInt_IRQn 0 */
  75:Src/stm32f4xx_it.c **** 
  76:Src/stm32f4xx_it.c ****   /* USER CODE END NonMaskableInt_IRQn 0 */
  77:Src/stm32f4xx_it.c ****   /* USER CODE BEGIN NonMaskableInt_IRQn 1 */
  78:Src/stm32f4xx_it.c ****   while (1)
  36              		.loc 1 78 3 discriminator 1 view .LVU1
  79:Src/stm32f4xx_it.c ****   {
ARM GAS  /tmp/cc3Z6DTi.s 			page 3


  80:Src/stm32f4xx_it.c ****   }
  37              		.loc 1 80 3 discriminator 1 view .LVU2
  78:Src/stm32f4xx_it.c ****   {
  38              		.loc 1 78 9 discriminator 1 view .LVU3
  39 0000 FEE7     		b	.L2
  40              		.cfi_endproc
  41              	.LFE130:
  43              		.section	.text.HardFault_Handler,"ax",%progbits
  44              		.align	1
  45              		.global	HardFault_Handler
  46              		.syntax unified
  47              		.thumb
  48              		.thumb_func
  49              		.fpu fpv4-sp-d16
  51              	HardFault_Handler:
  52              	.LFB131:
  81:Src/stm32f4xx_it.c ****   /* USER CODE END NonMaskableInt_IRQn 1 */
  82:Src/stm32f4xx_it.c **** }
  83:Src/stm32f4xx_it.c **** 
  84:Src/stm32f4xx_it.c **** /**
  85:Src/stm32f4xx_it.c ****   * @brief This function handles Hard fault interrupt.
  86:Src/stm32f4xx_it.c ****   */
  87:Src/stm32f4xx_it.c **** void HardFault_Handler(void)
  88:Src/stm32f4xx_it.c **** {
  53              		.loc 1 88 1 view -0
  54              		.cfi_startproc
  55              		@ Volatile: function does not return.
  56              		@ args = 0, pretend = 0, frame = 0
  57              		@ frame_needed = 0, uses_anonymous_args = 0
  58              		@ link register save eliminated.
  59              	.L4:
  89:Src/stm32f4xx_it.c ****   /* USER CODE BEGIN HardFault_IRQn 0 */
  90:Src/stm32f4xx_it.c **** 
  91:Src/stm32f4xx_it.c ****   /* USER CODE END HardFault_IRQn 0 */
  92:Src/stm32f4xx_it.c ****   while (1)
  60              		.loc 1 92 3 discriminator 1 view .LVU5
  93:Src/stm32f4xx_it.c ****   {
  94:Src/stm32f4xx_it.c ****     /* USER CODE BEGIN W1_HardFault_IRQn 0 */
  95:Src/stm32f4xx_it.c ****     /* USER CODE END W1_HardFault_IRQn 0 */
  96:Src/stm32f4xx_it.c ****   }
  61              		.loc 1 96 3 discriminator 1 view .LVU6
  92:Src/stm32f4xx_it.c ****   {
  62              		.loc 1 92 9 discriminator 1 view .LVU7
  63 0000 FEE7     		b	.L4
  64              		.cfi_endproc
  65              	.LFE131:
  67              		.section	.text.MemManage_Handler,"ax",%progbits
  68              		.align	1
  69              		.global	MemManage_Handler
  70              		.syntax unified
  71              		.thumb
  72              		.thumb_func
  73              		.fpu fpv4-sp-d16
  75              	MemManage_Handler:
  76              	.LFB132:
  97:Src/stm32f4xx_it.c **** }
  98:Src/stm32f4xx_it.c **** 
ARM GAS  /tmp/cc3Z6DTi.s 			page 4


  99:Src/stm32f4xx_it.c **** /**
 100:Src/stm32f4xx_it.c ****   * @brief This function handles Memory management fault.
 101:Src/stm32f4xx_it.c ****   */
 102:Src/stm32f4xx_it.c **** void MemManage_Handler(void)
 103:Src/stm32f4xx_it.c **** {
  77              		.loc 1 103 1 view -0
  78              		.cfi_startproc
  79              		@ Volatile: function does not return.
  80              		@ args = 0, pretend = 0, frame = 0
  81              		@ frame_needed = 0, uses_anonymous_args = 0
  82              		@ link register save eliminated.
  83              	.L6:
 104:Src/stm32f4xx_it.c ****   /* USER CODE BEGIN MemoryManagement_IRQn 0 */
 105:Src/stm32f4xx_it.c **** 
 106:Src/stm32f4xx_it.c ****   /* USER CODE END MemoryManagement_IRQn 0 */
 107:Src/stm32f4xx_it.c ****   while (1)
  84              		.loc 1 107 3 discriminator 1 view .LVU9
 108:Src/stm32f4xx_it.c ****   {
 109:Src/stm32f4xx_it.c ****     /* USER CODE BEGIN W1_MemoryManagement_IRQn 0 */
 110:Src/stm32f4xx_it.c ****     /* USER CODE END W1_MemoryManagement_IRQn 0 */
 111:Src/stm32f4xx_it.c ****   }
  85              		.loc 1 111 3 discriminator 1 view .LVU10
 107:Src/stm32f4xx_it.c ****   {
  86              		.loc 1 107 9 discriminator 1 view .LVU11
  87 0000 FEE7     		b	.L6
  88              		.cfi_endproc
  89              	.LFE132:
  91              		.section	.text.BusFault_Handler,"ax",%progbits
  92              		.align	1
  93              		.global	BusFault_Handler
  94              		.syntax unified
  95              		.thumb
  96              		.thumb_func
  97              		.fpu fpv4-sp-d16
  99              	BusFault_Handler:
 100              	.LFB133:
 112:Src/stm32f4xx_it.c **** }
 113:Src/stm32f4xx_it.c **** 
 114:Src/stm32f4xx_it.c **** /**
 115:Src/stm32f4xx_it.c ****   * @brief This function handles Pre-fetch fault, memory access fault.
 116:Src/stm32f4xx_it.c ****   */
 117:Src/stm32f4xx_it.c **** void BusFault_Handler(void)
 118:Src/stm32f4xx_it.c **** {
 101              		.loc 1 118 1 view -0
 102              		.cfi_startproc
 103              		@ Volatile: function does not return.
 104              		@ args = 0, pretend = 0, frame = 0
 105              		@ frame_needed = 0, uses_anonymous_args = 0
 106              		@ link register save eliminated.
 107              	.L8:
 119:Src/stm32f4xx_it.c ****   /* USER CODE BEGIN BusFault_IRQn 0 */
 120:Src/stm32f4xx_it.c **** 
 121:Src/stm32f4xx_it.c ****   /* USER CODE END BusFault_IRQn 0 */
 122:Src/stm32f4xx_it.c ****   while (1)
 108              		.loc 1 122 3 discriminator 1 view .LVU13
 123:Src/stm32f4xx_it.c ****   {
 124:Src/stm32f4xx_it.c ****     /* USER CODE BEGIN W1_BusFault_IRQn 0 */
ARM GAS  /tmp/cc3Z6DTi.s 			page 5


 125:Src/stm32f4xx_it.c ****     /* USER CODE END W1_BusFault_IRQn 0 */
 126:Src/stm32f4xx_it.c ****   }
 109              		.loc 1 126 3 discriminator 1 view .LVU14
 122:Src/stm32f4xx_it.c ****   {
 110              		.loc 1 122 9 discriminator 1 view .LVU15
 111 0000 FEE7     		b	.L8
 112              		.cfi_endproc
 113              	.LFE133:
 115              		.section	.text.UsageFault_Handler,"ax",%progbits
 116              		.align	1
 117              		.global	UsageFault_Handler
 118              		.syntax unified
 119              		.thumb
 120              		.thumb_func
 121              		.fpu fpv4-sp-d16
 123              	UsageFault_Handler:
 124              	.LFB134:
 127:Src/stm32f4xx_it.c **** }
 128:Src/stm32f4xx_it.c **** 
 129:Src/stm32f4xx_it.c **** /**
 130:Src/stm32f4xx_it.c ****   * @brief This function handles Undefined instruction or illegal state.
 131:Src/stm32f4xx_it.c ****   */
 132:Src/stm32f4xx_it.c **** void UsageFault_Handler(void)
 133:Src/stm32f4xx_it.c **** {
 125              		.loc 1 133 1 view -0
 126              		.cfi_startproc
 127              		@ Volatile: function does not return.
 128              		@ args = 0, pretend = 0, frame = 0
 129              		@ frame_needed = 0, uses_anonymous_args = 0
 130              		@ link register save eliminated.
 131              	.L10:
 134:Src/stm32f4xx_it.c ****   /* USER CODE BEGIN UsageFault_IRQn 0 */
 135:Src/stm32f4xx_it.c **** 
 136:Src/stm32f4xx_it.c ****   /* USER CODE END UsageFault_IRQn 0 */
 137:Src/stm32f4xx_it.c ****   while (1)
 132              		.loc 1 137 3 discriminator 1 view .LVU17
 138:Src/stm32f4xx_it.c ****   {
 139:Src/stm32f4xx_it.c ****     /* USER CODE BEGIN W1_UsageFault_IRQn 0 */
 140:Src/stm32f4xx_it.c ****     /* USER CODE END W1_UsageFault_IRQn 0 */
 141:Src/stm32f4xx_it.c ****   }
 133              		.loc 1 141 3 discriminator 1 view .LVU18
 137:Src/stm32f4xx_it.c ****   {
 134              		.loc 1 137 9 discriminator 1 view .LVU19
 135 0000 FEE7     		b	.L10
 136              		.cfi_endproc
 137              	.LFE134:
 139              		.section	.text.SVC_Handler,"ax",%progbits
 140              		.align	1
 141              		.global	SVC_Handler
 142              		.syntax unified
 143              		.thumb
 144              		.thumb_func
 145              		.fpu fpv4-sp-d16
 147              	SVC_Handler:
 148              	.LFB135:
 142:Src/stm32f4xx_it.c **** }
 143:Src/stm32f4xx_it.c **** 
ARM GAS  /tmp/cc3Z6DTi.s 			page 6


 144:Src/stm32f4xx_it.c **** /**
 145:Src/stm32f4xx_it.c ****   * @brief This function handles System service call via SWI instruction.
 146:Src/stm32f4xx_it.c ****   */
 147:Src/stm32f4xx_it.c **** void SVC_Handler(void)
 148:Src/stm32f4xx_it.c **** {
 149              		.loc 1 148 1 view -0
 150              		.cfi_startproc
 151              		@ args = 0, pretend = 0, frame = 0
 152              		@ frame_needed = 0, uses_anonymous_args = 0
 153              		@ link register save eliminated.
 149:Src/stm32f4xx_it.c ****   /* USER CODE BEGIN SVCall_IRQn 0 */
 150:Src/stm32f4xx_it.c **** 
 151:Src/stm32f4xx_it.c ****   /* USER CODE END SVCall_IRQn 0 */
 152:Src/stm32f4xx_it.c ****   /* USER CODE BEGIN SVCall_IRQn 1 */
 153:Src/stm32f4xx_it.c **** 
 154:Src/stm32f4xx_it.c ****   /* USER CODE END SVCall_IRQn 1 */
 155:Src/stm32f4xx_it.c **** }
 154              		.loc 1 155 1 view .LVU21
 155 0000 7047     		bx	lr
 156              		.cfi_endproc
 157              	.LFE135:
 159              		.section	.text.DebugMon_Handler,"ax",%progbits
 160              		.align	1
 161              		.global	DebugMon_Handler
 162              		.syntax unified
 163              		.thumb
 164              		.thumb_func
 165              		.fpu fpv4-sp-d16
 167              	DebugMon_Handler:
 168              	.LFB136:
 156:Src/stm32f4xx_it.c **** 
 157:Src/stm32f4xx_it.c **** /**
 158:Src/stm32f4xx_it.c ****   * @brief This function handles Debug monitor.
 159:Src/stm32f4xx_it.c ****   */
 160:Src/stm32f4xx_it.c **** void DebugMon_Handler(void)
 161:Src/stm32f4xx_it.c **** {
 169              		.loc 1 161 1 view -0
 170              		.cfi_startproc
 171              		@ args = 0, pretend = 0, frame = 0
 172              		@ frame_needed = 0, uses_anonymous_args = 0
 173              		@ link register save eliminated.
 162:Src/stm32f4xx_it.c ****   /* USER CODE BEGIN DebugMonitor_IRQn 0 */
 163:Src/stm32f4xx_it.c **** 
 164:Src/stm32f4xx_it.c ****   /* USER CODE END DebugMonitor_IRQn 0 */
 165:Src/stm32f4xx_it.c ****   /* USER CODE BEGIN DebugMonitor_IRQn 1 */
 166:Src/stm32f4xx_it.c **** 
 167:Src/stm32f4xx_it.c ****   /* USER CODE END DebugMonitor_IRQn 1 */
 168:Src/stm32f4xx_it.c **** }
 174              		.loc 1 168 1 view .LVU23
 175 0000 7047     		bx	lr
 176              		.cfi_endproc
 177              	.LFE136:
 179              		.section	.text.PendSV_Handler,"ax",%progbits
 180              		.align	1
 181              		.global	PendSV_Handler
 182              		.syntax unified
 183              		.thumb
ARM GAS  /tmp/cc3Z6DTi.s 			page 7


 184              		.thumb_func
 185              		.fpu fpv4-sp-d16
 187              	PendSV_Handler:
 188              	.LFB137:
 169:Src/stm32f4xx_it.c **** 
 170:Src/stm32f4xx_it.c **** /**
 171:Src/stm32f4xx_it.c ****   * @brief This function handles Pendable request for system service.
 172:Src/stm32f4xx_it.c ****   */
 173:Src/stm32f4xx_it.c **** void PendSV_Handler(void)
 174:Src/stm32f4xx_it.c **** {
 189              		.loc 1 174 1 view -0
 190              		.cfi_startproc
 191              		@ args = 0, pretend = 0, frame = 0
 192              		@ frame_needed = 0, uses_anonymous_args = 0
 193              		@ link register save eliminated.
 175:Src/stm32f4xx_it.c ****   /* USER CODE BEGIN PendSV_IRQn 0 */
 176:Src/stm32f4xx_it.c **** 
 177:Src/stm32f4xx_it.c ****   /* USER CODE END PendSV_IRQn 0 */
 178:Src/stm32f4xx_it.c ****   /* USER CODE BEGIN PendSV_IRQn 1 */
 179:Src/stm32f4xx_it.c **** 
 180:Src/stm32f4xx_it.c ****   /* USER CODE END PendSV_IRQn 1 */
 181:Src/stm32f4xx_it.c **** }
 194              		.loc 1 181 1 view .LVU25
 195 0000 7047     		bx	lr
 196              		.cfi_endproc
 197              	.LFE137:
 199              		.section	.text.SysTick_Handler,"ax",%progbits
 200              		.align	1
 201              		.global	SysTick_Handler
 202              		.syntax unified
 203              		.thumb
 204              		.thumb_func
 205              		.fpu fpv4-sp-d16
 207              	SysTick_Handler:
 208              	.LFB138:
 182:Src/stm32f4xx_it.c **** 
 183:Src/stm32f4xx_it.c **** /**
 184:Src/stm32f4xx_it.c ****   * @brief This function handles System tick timer.
 185:Src/stm32f4xx_it.c ****   */
 186:Src/stm32f4xx_it.c **** void SysTick_Handler(void)
 187:Src/stm32f4xx_it.c **** {
 209              		.loc 1 187 1 view -0
 210              		.cfi_startproc
 211              		@ args = 0, pretend = 0, frame = 0
 212              		@ frame_needed = 0, uses_anonymous_args = 0
 213 0000 08B5     		push	{r3, lr}
 214              	.LCFI0:
 215              		.cfi_def_cfa_offset 8
 216              		.cfi_offset 3, -8
 217              		.cfi_offset 14, -4
 188:Src/stm32f4xx_it.c ****   /* USER CODE BEGIN SysTick_IRQn 0 */
 189:Src/stm32f4xx_it.c **** 
 190:Src/stm32f4xx_it.c ****   /* USER CODE END SysTick_IRQn 0 */
 191:Src/stm32f4xx_it.c ****   HAL_IncTick();
 218              		.loc 1 191 3 view .LVU27
 219 0002 FFF7FEFF 		bl	HAL_IncTick
 220              	.LVL0:
ARM GAS  /tmp/cc3Z6DTi.s 			page 8


 192:Src/stm32f4xx_it.c ****   /* USER CODE BEGIN SysTick_IRQn 1 */
 193:Src/stm32f4xx_it.c **** 
 194:Src/stm32f4xx_it.c ****   /* USER CODE END SysTick_IRQn 1 */
 195:Src/stm32f4xx_it.c **** }
 221              		.loc 1 195 1 is_stmt 0 view .LVU28
 222 0006 08BD     		pop	{r3, pc}
 223              		.cfi_endproc
 224              	.LFE138:
 226              		.section	.text.TIM1_UP_TIM10_IRQHandler,"ax",%progbits
 227              		.align	1
 228              		.global	TIM1_UP_TIM10_IRQHandler
 229              		.syntax unified
 230              		.thumb
 231              		.thumb_func
 232              		.fpu fpv4-sp-d16
 234              	TIM1_UP_TIM10_IRQHandler:
 235              	.LFB139:
 196:Src/stm32f4xx_it.c **** 
 197:Src/stm32f4xx_it.c **** /******************************************************************************/
 198:Src/stm32f4xx_it.c **** /* STM32F4xx Peripheral Interrupt Handlers                                    */
 199:Src/stm32f4xx_it.c **** /* Add here the Interrupt Handlers for the used peripherals.                  */
 200:Src/stm32f4xx_it.c **** /* For the available peripheral interrupt handler names,                      */
 201:Src/stm32f4xx_it.c **** /* please refer to the startup file (startup_stm32f4xx.s).                    */
 202:Src/stm32f4xx_it.c **** /******************************************************************************/
 203:Src/stm32f4xx_it.c **** 
 204:Src/stm32f4xx_it.c **** /**
 205:Src/stm32f4xx_it.c ****   * @brief This function handles TIM1 update interrupt and TIM10 global interrupt.
 206:Src/stm32f4xx_it.c ****   */
 207:Src/stm32f4xx_it.c **** void TIM1_UP_TIM10_IRQHandler(void)
 208:Src/stm32f4xx_it.c **** {
 236              		.loc 1 208 1 is_stmt 1 view -0
 237              		.cfi_startproc
 238              		@ args = 0, pretend = 0, frame = 0
 239              		@ frame_needed = 0, uses_anonymous_args = 0
 240 0000 08B5     		push	{r3, lr}
 241              	.LCFI1:
 242              		.cfi_def_cfa_offset 8
 243              		.cfi_offset 3, -8
 244              		.cfi_offset 14, -4
 209:Src/stm32f4xx_it.c ****   /* USER CODE BEGIN TIM1_UP_TIM10_IRQn 0 */
 210:Src/stm32f4xx_it.c **** 
 211:Src/stm32f4xx_it.c ****   /* USER CODE END TIM1_UP_TIM10_IRQn 0 */
 212:Src/stm32f4xx_it.c ****   HAL_TIM_IRQHandler(&htim1);
 245              		.loc 1 212 3 view .LVU30
 246 0002 0248     		ldr	r0, .L18
 247 0004 FFF7FEFF 		bl	HAL_TIM_IRQHandler
 248              	.LVL1:
 213:Src/stm32f4xx_it.c ****   /* USER CODE BEGIN TIM1_UP_TIM10_IRQn 1 */
 214:Src/stm32f4xx_it.c **** 
 215:Src/stm32f4xx_it.c ****   /* USER CODE END TIM1_UP_TIM10_IRQn 1 */
 216:Src/stm32f4xx_it.c **** }
 249              		.loc 1 216 1 is_stmt 0 view .LVU31
 250 0008 08BD     		pop	{r3, pc}
 251              	.L19:
 252 000a 00BF     		.align	2
 253              	.L18:
 254 000c 00000000 		.word	htim1
ARM GAS  /tmp/cc3Z6DTi.s 			page 9


 255              		.cfi_endproc
 256              	.LFE139:
 258              		.section	.text.TIM1_CC_IRQHandler,"ax",%progbits
 259              		.align	1
 260              		.global	TIM1_CC_IRQHandler
 261              		.syntax unified
 262              		.thumb
 263              		.thumb_func
 264              		.fpu fpv4-sp-d16
 266              	TIM1_CC_IRQHandler:
 267              	.LFB140:
 217:Src/stm32f4xx_it.c **** 
 218:Src/stm32f4xx_it.c **** /**
 219:Src/stm32f4xx_it.c ****   * @brief This function handles TIM1 capture compare interrupt.
 220:Src/stm32f4xx_it.c ****   */
 221:Src/stm32f4xx_it.c **** void TIM1_CC_IRQHandler(void)
 222:Src/stm32f4xx_it.c **** {
 268              		.loc 1 222 1 is_stmt 1 view -0
 269              		.cfi_startproc
 270              		@ args = 0, pretend = 0, frame = 0
 271              		@ frame_needed = 0, uses_anonymous_args = 0
 272 0000 08B5     		push	{r3, lr}
 273              	.LCFI2:
 274              		.cfi_def_cfa_offset 8
 275              		.cfi_offset 3, -8
 276              		.cfi_offset 14, -4
 223:Src/stm32f4xx_it.c ****   /* USER CODE BEGIN TIM1_CC_IRQn 0 */
 224:Src/stm32f4xx_it.c **** 
 225:Src/stm32f4xx_it.c ****   /* USER CODE END TIM1_CC_IRQn 0 */
 226:Src/stm32f4xx_it.c ****   HAL_TIM_IRQHandler(&htim1);
 277              		.loc 1 226 3 view .LVU33
 278 0002 0248     		ldr	r0, .L22
 279 0004 FFF7FEFF 		bl	HAL_TIM_IRQHandler
 280              	.LVL2:
 227:Src/stm32f4xx_it.c ****   /* USER CODE BEGIN TIM1_CC_IRQn 1 */
 228:Src/stm32f4xx_it.c **** 
 229:Src/stm32f4xx_it.c ****   /* USER CODE END TIM1_CC_IRQn 1 */
 230:Src/stm32f4xx_it.c **** }
 281              		.loc 1 230 1 is_stmt 0 view .LVU34
 282 0008 08BD     		pop	{r3, pc}
 283              	.L23:
 284 000a 00BF     		.align	2
 285              	.L22:
 286 000c 00000000 		.word	htim1
 287              		.cfi_endproc
 288              	.LFE140:
 290              		.section	.text.TIM8_UP_TIM13_IRQHandler,"ax",%progbits
 291              		.align	1
 292              		.global	TIM8_UP_TIM13_IRQHandler
 293              		.syntax unified
 294              		.thumb
 295              		.thumb_func
 296              		.fpu fpv4-sp-d16
 298              	TIM8_UP_TIM13_IRQHandler:
 299              	.LFB141:
 231:Src/stm32f4xx_it.c **** 
 232:Src/stm32f4xx_it.c **** /**
ARM GAS  /tmp/cc3Z6DTi.s 			page 10


 233:Src/stm32f4xx_it.c ****   * @brief This function handles TIM8 update interrupt and TIM13 global interrupt.
 234:Src/stm32f4xx_it.c ****   */
 235:Src/stm32f4xx_it.c **** void TIM8_UP_TIM13_IRQHandler(void)
 236:Src/stm32f4xx_it.c **** {
 300              		.loc 1 236 1 is_stmt 1 view -0
 301              		.cfi_startproc
 302              		@ args = 0, pretend = 0, frame = 0
 303              		@ frame_needed = 0, uses_anonymous_args = 0
 304 0000 08B5     		push	{r3, lr}
 305              	.LCFI3:
 306              		.cfi_def_cfa_offset 8
 307              		.cfi_offset 3, -8
 308              		.cfi_offset 14, -4
 237:Src/stm32f4xx_it.c ****   /* USER CODE BEGIN TIM8_UP_TIM13_IRQn 0 */
 238:Src/stm32f4xx_it.c **** 
 239:Src/stm32f4xx_it.c ****   /* USER CODE END TIM8_UP_TIM13_IRQn 0 */
 240:Src/stm32f4xx_it.c ****   HAL_TIM_IRQHandler(&htim8);
 309              		.loc 1 240 3 view .LVU36
 310 0002 0248     		ldr	r0, .L26
 311 0004 FFF7FEFF 		bl	HAL_TIM_IRQHandler
 312              	.LVL3:
 241:Src/stm32f4xx_it.c ****   /* USER CODE BEGIN TIM8_UP_TIM13_IRQn 1 */
 242:Src/stm32f4xx_it.c **** 
 243:Src/stm32f4xx_it.c ****   /* USER CODE END TIM8_UP_TIM13_IRQn 1 */
 244:Src/stm32f4xx_it.c **** }
 313              		.loc 1 244 1 is_stmt 0 view .LVU37
 314 0008 08BD     		pop	{r3, pc}
 315              	.L27:
 316 000a 00BF     		.align	2
 317              	.L26:
 318 000c 00000000 		.word	htim8
 319              		.cfi_endproc
 320              	.LFE141:
 322              		.section	.text.TIM8_CC_IRQHandler,"ax",%progbits
 323              		.align	1
 324              		.global	TIM8_CC_IRQHandler
 325              		.syntax unified
 326              		.thumb
 327              		.thumb_func
 328              		.fpu fpv4-sp-d16
 330              	TIM8_CC_IRQHandler:
 331              	.LFB142:
 245:Src/stm32f4xx_it.c **** 
 246:Src/stm32f4xx_it.c **** /**
 247:Src/stm32f4xx_it.c ****   * @brief This function handles TIM8 capture compare interrupt.
 248:Src/stm32f4xx_it.c ****   */
 249:Src/stm32f4xx_it.c **** void TIM8_CC_IRQHandler(void)
 250:Src/stm32f4xx_it.c **** {
 332              		.loc 1 250 1 is_stmt 1 view -0
 333              		.cfi_startproc
 334              		@ args = 0, pretend = 0, frame = 0
 335              		@ frame_needed = 0, uses_anonymous_args = 0
 336 0000 08B5     		push	{r3, lr}
 337              	.LCFI4:
 338              		.cfi_def_cfa_offset 8
 339              		.cfi_offset 3, -8
 340              		.cfi_offset 14, -4
ARM GAS  /tmp/cc3Z6DTi.s 			page 11


 251:Src/stm32f4xx_it.c ****   /* USER CODE BEGIN TIM8_CC_IRQn 0 */
 252:Src/stm32f4xx_it.c **** 
 253:Src/stm32f4xx_it.c ****   /* USER CODE END TIM8_CC_IRQn 0 */
 254:Src/stm32f4xx_it.c ****   HAL_TIM_IRQHandler(&htim8);
 341              		.loc 1 254 3 view .LVU39
 342 0002 0248     		ldr	r0, .L30
 343 0004 FFF7FEFF 		bl	HAL_TIM_IRQHandler
 344              	.LVL4:
 255:Src/stm32f4xx_it.c ****   /* USER CODE BEGIN TIM8_CC_IRQn 1 */
 256:Src/stm32f4xx_it.c **** 
 257:Src/stm32f4xx_it.c ****   /* USER CODE END TIM8_CC_IRQn 1 */
 258:Src/stm32f4xx_it.c **** }
 345              		.loc 1 258 1 is_stmt 0 view .LVU40
 346 0008 08BD     		pop	{r3, pc}
 347              	.L31:
 348 000a 00BF     		.align	2
 349              	.L30:
 350 000c 00000000 		.word	htim8
 351              		.cfi_endproc
 352              	.LFE142:
 354              		.section	.text.OTG_FS_IRQHandler,"ax",%progbits
 355              		.align	1
 356              		.global	OTG_FS_IRQHandler
 357              		.syntax unified
 358              		.thumb
 359              		.thumb_func
 360              		.fpu fpv4-sp-d16
 362              	OTG_FS_IRQHandler:
 363              	.LFB143:
 259:Src/stm32f4xx_it.c **** 
 260:Src/stm32f4xx_it.c **** /**
 261:Src/stm32f4xx_it.c ****   * @brief This function handles USB On The Go FS global interrupt.
 262:Src/stm32f4xx_it.c ****   */
 263:Src/stm32f4xx_it.c **** void OTG_FS_IRQHandler(void)
 264:Src/stm32f4xx_it.c **** {
 364              		.loc 1 264 1 is_stmt 1 view -0
 365              		.cfi_startproc
 366              		@ args = 0, pretend = 0, frame = 0
 367              		@ frame_needed = 0, uses_anonymous_args = 0
 368 0000 08B5     		push	{r3, lr}
 369              	.LCFI5:
 370              		.cfi_def_cfa_offset 8
 371              		.cfi_offset 3, -8
 372              		.cfi_offset 14, -4
 265:Src/stm32f4xx_it.c ****   /* USER CODE BEGIN OTG_FS_IRQn 0 */
 266:Src/stm32f4xx_it.c **** 
 267:Src/stm32f4xx_it.c ****   /* USER CODE END OTG_FS_IRQn 0 */
 268:Src/stm32f4xx_it.c ****   HAL_HCD_IRQHandler(&hhcd_USB_OTG_FS);
 373              		.loc 1 268 3 view .LVU42
 374 0002 0248     		ldr	r0, .L34
 375 0004 FFF7FEFF 		bl	HAL_HCD_IRQHandler
 376              	.LVL5:
 269:Src/stm32f4xx_it.c ****   /* USER CODE BEGIN OTG_FS_IRQn 1 */
 270:Src/stm32f4xx_it.c **** 
 271:Src/stm32f4xx_it.c ****   /* USER CODE END OTG_FS_IRQn 1 */
 272:Src/stm32f4xx_it.c **** }
 377              		.loc 1 272 1 is_stmt 0 view .LVU43
ARM GAS  /tmp/cc3Z6DTi.s 			page 12


 378 0008 08BD     		pop	{r3, pc}
 379              	.L35:
 380 000a 00BF     		.align	2
 381              	.L34:
 382 000c 00000000 		.word	hhcd_USB_OTG_FS
 383              		.cfi_endproc
 384              	.LFE143:
 386              		.comm	huart2,68,4
 387              		.comm	htim8,72,4
 388              		.comm	htim3,72,4
 389              		.comm	htim1,72,4
 390              		.comm	hspi1,88,4
 391              		.comm	hi2s3,72,4
 392              		.comm	hi2c1,84,4
 393              		.text
 394              	.Letext0:
 395              		.file 2 "/usr/lib/gcc/arm-none-eabi/9.2.1/include/stdint.h"
 396              		.file 3 "Drivers/CMSIS/Include/core_cm4.h"
 397              		.file 4 "Drivers/CMSIS/Device/ST/STM32F4xx/Include/system_stm32f4xx.h"
 398              		.file 5 "Drivers/CMSIS/Device/ST/STM32F4xx/Include/stm32f407xx.h"
 399              		.file 6 "Drivers/STM32F4xx_HAL_Driver/Inc/stm32f4xx_hal_def.h"
 400              		.file 7 "Drivers/STM32F4xx_HAL_Driver/Inc/stm32f4xx_hal_dma.h"
 401              		.file 8 "Drivers/STM32F4xx_HAL_Driver/Inc/stm32f4xx_hal_i2c.h"
 402              		.file 9 "Drivers/STM32F4xx_HAL_Driver/Inc/stm32f4xx_hal_i2s.h"
 403              		.file 10 "Drivers/STM32F4xx_HAL_Driver/Inc/stm32f4xx_hal_spi.h"
 404              		.file 11 "Drivers/STM32F4xx_HAL_Driver/Inc/stm32f4xx_hal_tim.h"
 405              		.file 12 "Drivers/STM32F4xx_HAL_Driver/Inc/stm32f4xx_hal_uart.h"
 406              		.file 13 "Drivers/STM32F4xx_HAL_Driver/Inc/stm32f4xx_ll_usb.h"
 407              		.file 14 "Drivers/STM32F4xx_HAL_Driver/Inc/stm32f4xx_hal_hcd.h"
 408              		.file 15 "Drivers/STM32F4xx_HAL_Driver/Inc/stm32f4xx_hal.h"
 409              		.file 16 "Inc/main.h"
ARM GAS  /tmp/cc3Z6DTi.s 			page 13


DEFINED SYMBOLS
                            *ABS*:0000000000000000 stm32f4xx_it.c
     /tmp/cc3Z6DTi.s:18     .text.NMI_Handler:0000000000000000 $t
     /tmp/cc3Z6DTi.s:26     .text.NMI_Handler:0000000000000000 NMI_Handler
     /tmp/cc3Z6DTi.s:44     .text.HardFault_Handler:0000000000000000 $t
     /tmp/cc3Z6DTi.s:51     .text.HardFault_Handler:0000000000000000 HardFault_Handler
     /tmp/cc3Z6DTi.s:68     .text.MemManage_Handler:0000000000000000 $t
     /tmp/cc3Z6DTi.s:75     .text.MemManage_Handler:0000000000000000 MemManage_Handler
     /tmp/cc3Z6DTi.s:92     .text.BusFault_Handler:0000000000000000 $t
     /tmp/cc3Z6DTi.s:99     .text.BusFault_Handler:0000000000000000 BusFault_Handler
     /tmp/cc3Z6DTi.s:116    .text.UsageFault_Handler:0000000000000000 $t
     /tmp/cc3Z6DTi.s:123    .text.UsageFault_Handler:0000000000000000 UsageFault_Handler
     /tmp/cc3Z6DTi.s:140    .text.SVC_Handler:0000000000000000 $t
     /tmp/cc3Z6DTi.s:147    .text.SVC_Handler:0000000000000000 SVC_Handler
     /tmp/cc3Z6DTi.s:160    .text.DebugMon_Handler:0000000000000000 $t
     /tmp/cc3Z6DTi.s:167    .text.DebugMon_Handler:0000000000000000 DebugMon_Handler
     /tmp/cc3Z6DTi.s:180    .text.PendSV_Handler:0000000000000000 $t
     /tmp/cc3Z6DTi.s:187    .text.PendSV_Handler:0000000000000000 PendSV_Handler
     /tmp/cc3Z6DTi.s:200    .text.SysTick_Handler:0000000000000000 $t
     /tmp/cc3Z6DTi.s:207    .text.SysTick_Handler:0000000000000000 SysTick_Handler
     /tmp/cc3Z6DTi.s:227    .text.TIM1_UP_TIM10_IRQHandler:0000000000000000 $t
     /tmp/cc3Z6DTi.s:234    .text.TIM1_UP_TIM10_IRQHandler:0000000000000000 TIM1_UP_TIM10_IRQHandler
     /tmp/cc3Z6DTi.s:254    .text.TIM1_UP_TIM10_IRQHandler:000000000000000c $d
                            *COM*:0000000000000048 htim1
     /tmp/cc3Z6DTi.s:259    .text.TIM1_CC_IRQHandler:0000000000000000 $t
     /tmp/cc3Z6DTi.s:266    .text.TIM1_CC_IRQHandler:0000000000000000 TIM1_CC_IRQHandler
     /tmp/cc3Z6DTi.s:286    .text.TIM1_CC_IRQHandler:000000000000000c $d
     /tmp/cc3Z6DTi.s:291    .text.TIM8_UP_TIM13_IRQHandler:0000000000000000 $t
     /tmp/cc3Z6DTi.s:298    .text.TIM8_UP_TIM13_IRQHandler:0000000000000000 TIM8_UP_TIM13_IRQHandler
     /tmp/cc3Z6DTi.s:318    .text.TIM8_UP_TIM13_IRQHandler:000000000000000c $d
                            *COM*:0000000000000048 htim8
     /tmp/cc3Z6DTi.s:323    .text.TIM8_CC_IRQHandler:0000000000000000 $t
     /tmp/cc3Z6DTi.s:330    .text.TIM8_CC_IRQHandler:0000000000000000 TIM8_CC_IRQHandler
     /tmp/cc3Z6DTi.s:350    .text.TIM8_CC_IRQHandler:000000000000000c $d
     /tmp/cc3Z6DTi.s:355    .text.OTG_FS_IRQHandler:0000000000000000 $t
     /tmp/cc3Z6DTi.s:362    .text.OTG_FS_IRQHandler:0000000000000000 OTG_FS_IRQHandler
     /tmp/cc3Z6DTi.s:382    .text.OTG_FS_IRQHandler:000000000000000c $d
                            *COM*:0000000000000044 huart2
                            *COM*:0000000000000048 htim3
                            *COM*:0000000000000058 hspi1
                            *COM*:0000000000000048 hi2s3
                            *COM*:0000000000000054 hi2c1

UNDEFINED SYMBOLS
HAL_IncTick
HAL_TIM_IRQHandler
HAL_HCD_IRQHandler
hhcd_USB_OTG_FS
