ARM GAS  /tmp/ccEt07Zi.s 			page 1


   1              		.cpu cortex-m4
   2              		.eabi_attribute 27, 1
   3              		.eabi_attribute 28, 1
   4              		.eabi_attribute 20, 1
   5              		.eabi_attribute 21, 1
   6              		.eabi_attribute 23, 3
   7              		.eabi_attribute 24, 1
   8              		.eabi_attribute 25, 1
   9              		.eabi_attribute 26, 1
  10              		.eabi_attribute 30, 1
  11              		.eabi_attribute 34, 1
  12              		.eabi_attribute 18, 4
  13              		.file	"usb_host.c"
  14              		.text
  15              	.Ltext0:
  16              		.cfi_sections	.debug_frame
  17              		.section	.text.USBH_UserProcess,"ax",%progbits
  18              		.align	1
  19              		.arch armv7e-m
  20              		.syntax unified
  21              		.thumb
  22              		.thumb_func
  23              		.fpu fpv4-sp-d16
  25              	USBH_UserProcess:
  26              	.LVL0:
  27              	.LFB135:
  28              		.file 1 "Src/usb_host.c"
   1:Src/usb_host.c **** /* USER CODE BEGIN Header */
   2:Src/usb_host.c **** /**
   3:Src/usb_host.c ****   ******************************************************************************
   4:Src/usb_host.c ****   * @file            : usb_host.c
   5:Src/usb_host.c ****   * @version         : v1.0_Cube
   6:Src/usb_host.c ****   * @brief           : This file implements the USB Host
   7:Src/usb_host.c ****   ******************************************************************************
   8:Src/usb_host.c ****   * @attention
   9:Src/usb_host.c ****   *
  10:Src/usb_host.c ****   * <h2><center>&copy; Copyright (c) 2021 STMicroelectronics.
  11:Src/usb_host.c ****   * All rights reserved.</center></h2>
  12:Src/usb_host.c ****   *
  13:Src/usb_host.c ****   * This software component is licensed by ST under Ultimate Liberty license
  14:Src/usb_host.c ****   * SLA0044, the "License"; You may not use this file except in compliance with
  15:Src/usb_host.c ****   * the License. You may obtain a copy of the License at:
  16:Src/usb_host.c ****   *                             www.st.com/SLA0044
  17:Src/usb_host.c ****   *
  18:Src/usb_host.c ****   ******************************************************************************
  19:Src/usb_host.c ****   */
  20:Src/usb_host.c **** /* USER CODE END Header */
  21:Src/usb_host.c **** 
  22:Src/usb_host.c **** /* Includes ------------------------------------------------------------------*/
  23:Src/usb_host.c **** 
  24:Src/usb_host.c **** #include "usb_host.h"
  25:Src/usb_host.c **** #include "usbh_core.h"
  26:Src/usb_host.c **** #include "usbh_cdc.h"
  27:Src/usb_host.c **** 
  28:Src/usb_host.c **** /* USER CODE BEGIN Includes */
  29:Src/usb_host.c **** 
  30:Src/usb_host.c **** /* USER CODE END Includes */
ARM GAS  /tmp/ccEt07Zi.s 			page 2


  31:Src/usb_host.c **** 
  32:Src/usb_host.c **** /* USER CODE BEGIN PV */
  33:Src/usb_host.c **** /* Private variables ---------------------------------------------------------*/
  34:Src/usb_host.c **** 
  35:Src/usb_host.c **** /* USER CODE END PV */
  36:Src/usb_host.c **** 
  37:Src/usb_host.c **** /* USER CODE BEGIN PFP */
  38:Src/usb_host.c **** /* Private function prototypes -----------------------------------------------*/
  39:Src/usb_host.c **** 
  40:Src/usb_host.c **** /* USER CODE END PFP */
  41:Src/usb_host.c **** 
  42:Src/usb_host.c **** /* USB Host core handle declaration */
  43:Src/usb_host.c **** USBH_HandleTypeDef hUsbHostFS;
  44:Src/usb_host.c **** ApplicationTypeDef Appli_state = APPLICATION_IDLE;
  45:Src/usb_host.c **** 
  46:Src/usb_host.c **** /*
  47:Src/usb_host.c ****  * -- Insert your variables declaration here --
  48:Src/usb_host.c ****  */
  49:Src/usb_host.c **** /* USER CODE BEGIN 0 */
  50:Src/usb_host.c **** 
  51:Src/usb_host.c **** /* USER CODE END 0 */
  52:Src/usb_host.c **** 
  53:Src/usb_host.c **** /*
  54:Src/usb_host.c ****  * user callback declaration
  55:Src/usb_host.c ****  */
  56:Src/usb_host.c **** static void USBH_UserProcess(USBH_HandleTypeDef *phost, uint8_t id);
  57:Src/usb_host.c **** 
  58:Src/usb_host.c **** /*
  59:Src/usb_host.c ****  * -- Insert your external function declaration here --
  60:Src/usb_host.c ****  */
  61:Src/usb_host.c **** /* USER CODE BEGIN 1 */
  62:Src/usb_host.c **** 
  63:Src/usb_host.c **** /* USER CODE END 1 */
  64:Src/usb_host.c **** 
  65:Src/usb_host.c **** /**
  66:Src/usb_host.c ****   * Init USB host library, add supported class and start the library
  67:Src/usb_host.c ****   * @retval None
  68:Src/usb_host.c ****   */
  69:Src/usb_host.c **** void MX_USB_HOST_Init(void)
  70:Src/usb_host.c **** {
  71:Src/usb_host.c ****   /* USER CODE BEGIN USB_HOST_Init_PreTreatment */
  72:Src/usb_host.c **** 
  73:Src/usb_host.c ****   /* USER CODE END USB_HOST_Init_PreTreatment */
  74:Src/usb_host.c **** 
  75:Src/usb_host.c ****   /* Init host Library, add supported class and start the library. */
  76:Src/usb_host.c ****   if (USBH_Init(&hUsbHostFS, USBH_UserProcess, HOST_FS) != USBH_OK)
  77:Src/usb_host.c ****   {
  78:Src/usb_host.c ****     Error_Handler();
  79:Src/usb_host.c ****   }
  80:Src/usb_host.c ****   if (USBH_RegisterClass(&hUsbHostFS, USBH_CDC_CLASS) != USBH_OK)
  81:Src/usb_host.c ****   {
  82:Src/usb_host.c ****     Error_Handler();
  83:Src/usb_host.c ****   }
  84:Src/usb_host.c ****   if (USBH_Start(&hUsbHostFS) != USBH_OK)
  85:Src/usb_host.c ****   {
  86:Src/usb_host.c ****     Error_Handler();
  87:Src/usb_host.c ****   }
ARM GAS  /tmp/ccEt07Zi.s 			page 3


  88:Src/usb_host.c ****   /* USER CODE BEGIN USB_HOST_Init_PostTreatment */
  89:Src/usb_host.c **** 
  90:Src/usb_host.c ****   /* USER CODE END USB_HOST_Init_PostTreatment */
  91:Src/usb_host.c **** }
  92:Src/usb_host.c **** 
  93:Src/usb_host.c **** /*
  94:Src/usb_host.c ****  * Background task
  95:Src/usb_host.c ****  */
  96:Src/usb_host.c **** void MX_USB_HOST_Process(void)
  97:Src/usb_host.c **** {
  98:Src/usb_host.c ****   /* USB Host Background task */
  99:Src/usb_host.c ****   USBH_Process(&hUsbHostFS);
 100:Src/usb_host.c **** }
 101:Src/usb_host.c **** /*
 102:Src/usb_host.c ****  * user callback definition
 103:Src/usb_host.c ****  */
 104:Src/usb_host.c **** static void USBH_UserProcess  (USBH_HandleTypeDef *phost, uint8_t id)
 105:Src/usb_host.c **** {
  29              		.loc 1 105 1 view -0
  30              		.cfi_startproc
  31              		@ args = 0, pretend = 0, frame = 0
  32              		@ frame_needed = 0, uses_anonymous_args = 0
  33              		@ link register save eliminated.
 106:Src/usb_host.c ****   /* USER CODE BEGIN CALL_BACK_1 */
 107:Src/usb_host.c ****   switch(id)
  34              		.loc 1 107 3 view .LVU1
  35 0000 0429     		cmp	r1, #4
  36 0002 0CD0     		beq	.L2
  37 0004 0529     		cmp	r1, #5
  38 0006 02D0     		beq	.L3
  39 0008 0229     		cmp	r1, #2
  40 000a 04D0     		beq	.L6
  41              	.L1:
 108:Src/usb_host.c ****   {
 109:Src/usb_host.c ****   case HOST_USER_SELECT_CONFIGURATION:
 110:Src/usb_host.c ****   break;
 111:Src/usb_host.c **** 
 112:Src/usb_host.c ****   case HOST_USER_DISCONNECTION:
 113:Src/usb_host.c ****   Appli_state = APPLICATION_DISCONNECT;
 114:Src/usb_host.c ****   break;
 115:Src/usb_host.c **** 
 116:Src/usb_host.c ****   case HOST_USER_CLASS_ACTIVE:
 117:Src/usb_host.c ****   Appli_state = APPLICATION_READY;
 118:Src/usb_host.c ****   break;
 119:Src/usb_host.c **** 
 120:Src/usb_host.c ****   case HOST_USER_CONNECTION:
 121:Src/usb_host.c ****   Appli_state = APPLICATION_START;
 122:Src/usb_host.c ****   break;
 123:Src/usb_host.c **** 
 124:Src/usb_host.c ****   default:
 125:Src/usb_host.c ****   break;
 126:Src/usb_host.c ****   }
 127:Src/usb_host.c ****   /* USER CODE END CALL_BACK_1 */
 128:Src/usb_host.c **** }
  42              		.loc 1 128 1 is_stmt 0 view .LVU2
  43 000c 7047     		bx	lr
  44              	.L3:
ARM GAS  /tmp/ccEt07Zi.s 			page 4


 113:Src/usb_host.c ****   break;
  45              		.loc 1 113 3 is_stmt 1 view .LVU3
 113:Src/usb_host.c ****   break;
  46              		.loc 1 113 15 is_stmt 0 view .LVU4
  47 000e 064B     		ldr	r3, .L7
  48 0010 0322     		movs	r2, #3
  49 0012 1A70     		strb	r2, [r3]
 114:Src/usb_host.c **** 
  50              		.loc 1 114 3 is_stmt 1 view .LVU5
  51 0014 7047     		bx	lr
  52              	.L6:
 117:Src/usb_host.c ****   break;
  53              		.loc 1 117 3 view .LVU6
 117:Src/usb_host.c ****   break;
  54              		.loc 1 117 15 is_stmt 0 view .LVU7
  55 0016 044B     		ldr	r3, .L7
  56 0018 0222     		movs	r2, #2
  57 001a 1A70     		strb	r2, [r3]
 118:Src/usb_host.c **** 
  58              		.loc 1 118 3 is_stmt 1 view .LVU8
  59 001c 7047     		bx	lr
  60              	.L2:
 121:Src/usb_host.c ****   break;
  61              		.loc 1 121 3 view .LVU9
 121:Src/usb_host.c ****   break;
  62              		.loc 1 121 15 is_stmt 0 view .LVU10
  63 001e 024B     		ldr	r3, .L7
  64 0020 0122     		movs	r2, #1
  65 0022 1A70     		strb	r2, [r3]
 122:Src/usb_host.c **** 
  66              		.loc 1 122 3 is_stmt 1 view .LVU11
  67              		.loc 1 128 1 is_stmt 0 view .LVU12
  68 0024 F2E7     		b	.L1
  69              	.L8:
  70 0026 00BF     		.align	2
  71              	.L7:
  72 0028 00000000 		.word	.LANCHOR0
  73              		.cfi_endproc
  74              	.LFE135:
  76              		.section	.text.MX_USB_HOST_Init,"ax",%progbits
  77              		.align	1
  78              		.global	MX_USB_HOST_Init
  79              		.syntax unified
  80              		.thumb
  81              		.thumb_func
  82              		.fpu fpv4-sp-d16
  84              	MX_USB_HOST_Init:
  85              	.LFB133:
  70:Src/usb_host.c ****   /* USER CODE BEGIN USB_HOST_Init_PreTreatment */
  86              		.loc 1 70 1 is_stmt 1 view -0
  87              		.cfi_startproc
  88              		@ args = 0, pretend = 0, frame = 0
  89              		@ frame_needed = 0, uses_anonymous_args = 0
  90 0000 08B5     		push	{r3, lr}
  91              	.LCFI0:
  92              		.cfi_def_cfa_offset 8
  93              		.cfi_offset 3, -8
ARM GAS  /tmp/ccEt07Zi.s 			page 5


  94              		.cfi_offset 14, -4
  76:Src/usb_host.c ****   {
  95              		.loc 1 76 3 view .LVU14
  76:Src/usb_host.c ****   {
  96              		.loc 1 76 7 is_stmt 0 view .LVU15
  97 0002 0122     		movs	r2, #1
  98 0004 0B49     		ldr	r1, .L17
  99 0006 0C48     		ldr	r0, .L17+4
 100 0008 FFF7FEFF 		bl	USBH_Init
 101              	.LVL1:
  76:Src/usb_host.c ****   {
 102              		.loc 1 76 6 view .LVU16
 103 000c 48B9     		cbnz	r0, .L14
 104              	.L10:
  80:Src/usb_host.c ****   {
 105              		.loc 1 80 3 is_stmt 1 view .LVU17
  80:Src/usb_host.c ****   {
 106              		.loc 1 80 7 is_stmt 0 view .LVU18
 107 000e 0B49     		ldr	r1, .L17+8
 108 0010 0948     		ldr	r0, .L17+4
 109 0012 FFF7FEFF 		bl	USBH_RegisterClass
 110              	.LVL2:
  80:Src/usb_host.c ****   {
 111              		.loc 1 80 6 view .LVU19
 112 0016 38B9     		cbnz	r0, .L15
 113              	.L11:
  84:Src/usb_host.c ****   {
 114              		.loc 1 84 3 is_stmt 1 view .LVU20
  84:Src/usb_host.c ****   {
 115              		.loc 1 84 7 is_stmt 0 view .LVU21
 116 0018 0748     		ldr	r0, .L17+4
 117 001a FFF7FEFF 		bl	USBH_Start
 118              	.LVL3:
  84:Src/usb_host.c ****   {
 119              		.loc 1 84 6 view .LVU22
 120 001e 30B9     		cbnz	r0, .L16
 121              	.L9:
  91:Src/usb_host.c **** 
 122              		.loc 1 91 1 view .LVU23
 123 0020 08BD     		pop	{r3, pc}
 124              	.L14:
  78:Src/usb_host.c ****   }
 125              		.loc 1 78 5 is_stmt 1 view .LVU24
 126 0022 FFF7FEFF 		bl	Error_Handler
 127              	.LVL4:
 128 0026 F2E7     		b	.L10
 129              	.L15:
  82:Src/usb_host.c ****   }
 130              		.loc 1 82 5 view .LVU25
 131 0028 FFF7FEFF 		bl	Error_Handler
 132              	.LVL5:
 133 002c F4E7     		b	.L11
 134              	.L16:
  86:Src/usb_host.c ****   }
 135              		.loc 1 86 5 view .LVU26
 136 002e FFF7FEFF 		bl	Error_Handler
 137              	.LVL6:
ARM GAS  /tmp/ccEt07Zi.s 			page 6


  91:Src/usb_host.c **** 
 138              		.loc 1 91 1 is_stmt 0 view .LVU27
 139 0032 F5E7     		b	.L9
 140              	.L18:
 141              		.align	2
 142              	.L17:
 143 0034 00000000 		.word	USBH_UserProcess
 144 0038 00000000 		.word	hUsbHostFS
 145 003c 00000000 		.word	CDC_Class
 146              		.cfi_endproc
 147              	.LFE133:
 149              		.section	.text.MX_USB_HOST_Process,"ax",%progbits
 150              		.align	1
 151              		.global	MX_USB_HOST_Process
 152              		.syntax unified
 153              		.thumb
 154              		.thumb_func
 155              		.fpu fpv4-sp-d16
 157              	MX_USB_HOST_Process:
 158              	.LFB134:
  97:Src/usb_host.c ****   /* USB Host Background task */
 159              		.loc 1 97 1 is_stmt 1 view -0
 160              		.cfi_startproc
 161              		@ args = 0, pretend = 0, frame = 0
 162              		@ frame_needed = 0, uses_anonymous_args = 0
 163 0000 08B5     		push	{r3, lr}
 164              	.LCFI1:
 165              		.cfi_def_cfa_offset 8
 166              		.cfi_offset 3, -8
 167              		.cfi_offset 14, -4
  99:Src/usb_host.c **** }
 168              		.loc 1 99 3 view .LVU29
 169 0002 0248     		ldr	r0, .L21
 170 0004 FFF7FEFF 		bl	USBH_Process
 171              	.LVL7:
 100:Src/usb_host.c **** /*
 172              		.loc 1 100 1 is_stmt 0 view .LVU30
 173 0008 08BD     		pop	{r3, pc}
 174              	.L22:
 175 000a 00BF     		.align	2
 176              	.L21:
 177 000c 00000000 		.word	hUsbHostFS
 178              		.cfi_endproc
 179              	.LFE134:
 181              		.global	Appli_state
 182              		.comm	hUsbHostFS,984,4
 183              		.comm	huart2,68,4
 184              		.comm	htim8,72,4
 185              		.comm	htim3,72,4
 186              		.comm	htim1,72,4
 187              		.comm	hspi1,88,4
 188              		.comm	hi2s3,72,4
 189              		.comm	hi2c1,84,4
 190              		.section	.bss.Appli_state,"aw",%nobits
 191              		.set	.LANCHOR0,. + 0
 194              	Appli_state:
 195 0000 00       		.space	1
ARM GAS  /tmp/ccEt07Zi.s 			page 7


 196              		.text
 197              	.Letext0:
 198              		.file 2 "/usr/lib/gcc/arm-none-eabi/9.2.1/include/stdint.h"
 199              		.file 3 "Drivers/CMSIS/Include/core_cm4.h"
 200              		.file 4 "Drivers/CMSIS/Device/ST/STM32F4xx/Include/system_stm32f4xx.h"
 201              		.file 5 "Drivers/CMSIS/Device/ST/STM32F4xx/Include/stm32f407xx.h"
 202              		.file 6 "Drivers/STM32F4xx_HAL_Driver/Inc/stm32f4xx_hal_def.h"
 203              		.file 7 "Drivers/STM32F4xx_HAL_Driver/Inc/stm32f4xx_hal_dma.h"
 204              		.file 8 "Drivers/STM32F4xx_HAL_Driver/Inc/stm32f4xx_hal_i2c.h"
 205              		.file 9 "Drivers/STM32F4xx_HAL_Driver/Inc/stm32f4xx_hal_i2s.h"
 206              		.file 10 "Drivers/STM32F4xx_HAL_Driver/Inc/stm32f4xx_hal_spi.h"
 207              		.file 11 "Drivers/STM32F4xx_HAL_Driver/Inc/stm32f4xx_hal_tim.h"
 208              		.file 12 "Drivers/STM32F4xx_HAL_Driver/Inc/stm32f4xx_hal_uart.h"
 209              		.file 13 "Drivers/STM32F4xx_HAL_Driver/Inc/stm32f4xx_hal.h"
 210              		.file 14 "Inc/usb_host.h"
 211              		.file 15 "/usr/lib/gcc/arm-none-eabi/9.2.1/include/stddef.h"
 212              		.file 16 "/usr/include/newlib/sys/_types.h"
 213              		.file 17 "/usr/include/newlib/sys/reent.h"
 214              		.file 18 "/usr/include/newlib/sys/lock.h"
 215              		.file 19 "/usr/include/newlib/stdlib.h"
 216              		.file 20 "Inc/main.h"
 217              		.file 21 "Middlewares/ST/STM32_USB_Host_Library/Core/Inc/usbh_def.h"
 218              		.file 22 "Middlewares/ST/STM32_USB_Host_Library/Core/Inc/usbh_ctlreq.h"
 219              		.file 23 "Middlewares/ST/STM32_USB_Host_Library/Class/CDC/Inc/usbh_cdc.h"
 220              		.file 24 "Middlewares/ST/STM32_USB_Host_Library/Core/Inc/usbh_core.h"
ARM GAS  /tmp/ccEt07Zi.s 			page 8


DEFINED SYMBOLS
                            *ABS*:0000000000000000 usb_host.c
     /tmp/ccEt07Zi.s:18     .text.USBH_UserProcess:0000000000000000 $t
     /tmp/ccEt07Zi.s:25     .text.USBH_UserProcess:0000000000000000 USBH_UserProcess
     /tmp/ccEt07Zi.s:72     .text.USBH_UserProcess:0000000000000028 $d
     /tmp/ccEt07Zi.s:77     .text.MX_USB_HOST_Init:0000000000000000 $t
     /tmp/ccEt07Zi.s:84     .text.MX_USB_HOST_Init:0000000000000000 MX_USB_HOST_Init
     /tmp/ccEt07Zi.s:143    .text.MX_USB_HOST_Init:0000000000000034 $d
                            *COM*:00000000000003d8 hUsbHostFS
     /tmp/ccEt07Zi.s:150    .text.MX_USB_HOST_Process:0000000000000000 $t
     /tmp/ccEt07Zi.s:157    .text.MX_USB_HOST_Process:0000000000000000 MX_USB_HOST_Process
     /tmp/ccEt07Zi.s:177    .text.MX_USB_HOST_Process:000000000000000c $d
     /tmp/ccEt07Zi.s:194    .bss.Appli_state:0000000000000000 Appli_state
                            *COM*:0000000000000044 huart2
                            *COM*:0000000000000048 htim8
                            *COM*:0000000000000048 htim3
                            *COM*:0000000000000048 htim1
                            *COM*:0000000000000058 hspi1
                            *COM*:0000000000000048 hi2s3
                            *COM*:0000000000000054 hi2c1
     /tmp/ccEt07Zi.s:195    .bss.Appli_state:0000000000000000 $d

UNDEFINED SYMBOLS
USBH_Init
USBH_RegisterClass
USBH_Start
Error_Handler
CDC_Class
USBH_Process
